<?xml version="1.0" encoding="UTF-8"?>
<testsuite xmlns:xsi="http://www.w3.org/2001/XMLSchema-instance" xsi:noNamespaceSchemaLocation="https://maven.apache.org/surefire/maven-surefire-plugin/xsd/surefire-test-report-3.0.xsd" version="3.0" name="com.chandana.springTest.SpringTestApplicationTests" time="3.843" tests="1" errors="0" skipped="0" failures="0">
  <properties>
[...]
</properties>
  <testcase name="contextLoads" classname="com.chandana.springTest.SpringTestApplicationTests" time="0.004">
    <system-out><![CDATA[2025-01-24T08:34:27.460+05:30  INFO 26888 --- [           main] t.c.s.AnnotationConfigContextLoaderUtils : Could not detect default configuration classes for test class [com.chandana.springTest.SpringTestApplicationTests]: SpringTestApplicationTests does not declare any static, non-private, non-final, nested classes annotated with @Configuration.
2025-01-24T08:34:27.474+05:30  INFO 26888 --- [           main] .b.t.c.SpringBootTestContextBootstrapper : Found @SpringBootConfiguration com.chandana.springTest.SpringTestApplication for test class com.chandana.springTest.SpringTestApplicationTests
2025-01-24T08:34:27.492+05:30  INFO 26888 --- [           main] o.s.b.d.r.RestartApplicationListener     : Restart disabled due to context in which it is running

  .   ____          _            __ _ _
 /\\ / ___'_ __ _ _(_)_ __  __ _ \ \ \ \
( ( )\___ | '_ | '_| | '_ \/ _` | \ \ \ \
 \\/  ___)| |_)| | | | | || (_| |  ) ) ) )
  '  |____| .__|_| |_|_| |_\__, | / / / /
 =========|_|==============|___/=/_/_/_/

 :: Spring Boot ::                (v3.3.7)

2025-01-24T08:34:27.532+05:30  INFO 26888 --- [           main] c.c.s.SpringTestApplicationTests         : Starting SpringTestApplicationTests using Java 21.0.5 with PID 26888 (started by chand in C:\Users\chand\OneDrive\Desktop\Fullstack Developer\Backend)
2025-01-24T08:34:27.532+05:30  INFO 26888 --- [           main] c.c.s.SpringTestApplicationTests         : No active profile set, falling back to 1 default profile: "default"
2025-01-24T08:34:27.944+05:30  INFO 26888 --- [           main] .s.d.r.c.RepositoryConfigurationDelegate : Multiple Spring Data modules found, entering strict repository configuration mode
2025-01-24T08:34:27.944+05:30  INFO 26888 --- [           main] .s.d.r.c.RepositoryConfigurationDelegate : Bootstrapping Spring Data JDBC repositories in DEFAULT mode.
2025-01-24T08:34:27.946+05:30  INFO 26888 --- [           main] .s.d.r.c.RepositoryConfigurationDelegate : Finished Spring Data repository scanning in 2 ms. Found 0 JDBC repository interfaces.
2025-01-24T08:34:27.950+05:30  INFO 26888 --- [           main] .s.d.r.c.RepositoryConfigurationDelegate : Multiple Spring Data modules found, entering strict repository configuration mode
2025-01-24T08:34:27.950+05:30  INFO 26888 --- [           main] .s.d.r.c.RepositoryConfigurationDelegate : Bootstrapping Spring Data JPA repositories in DEFAULT mode.
2025-01-24T08:34:27.953+05:30  INFO 26888 --- [           main] .s.d.r.c.RepositoryConfigurationDelegate : Finished Spring Data repository scanning in 2 ms. Found 0 JPA repository interfaces.
2025-01-24T08:34:28.155+05:30  INFO 26888 --- [           main] 🐳 [postgres:latest]                     : Creating container for image: postgres:latest
2025-01-24T08:34:28.328+05:30  INFO 26888 --- [           main] 🐳 [postgres:latest]                     : Container postgres:latest is starting: 3de35367bc6d931cfd6d66b849c30f21975effde06362bfc6e0e2b815af76dcf
2025-01-24T08:34:30.155+05:30  INFO 26888 --- [           main] 🐳 [postgres:latest]                     : Container postgres:latest started in PT1.9999621S
2025-01-24T08:34:30.155+05:30  INFO 26888 --- [           main] 🐳 [postgres:latest]                     : Container is started (JDBC URL: jdbc:postgresql://localhost:49631/test?loggerLevel=OFF)
2025-01-24T08:34:30.215+05:30  INFO 26888 --- [           main] org.flywaydb.core.FlywayExecutor         : Database: jdbc:postgresql://localhost:49631/test (PostgreSQL 17.2)
2025-01-24T08:34:30.222+05:30  WARN 26888 --- [           main] o.f.c.internal.database.base.Database    : Flyway upgrade recommended: PostgreSQL 17.2 is newer than this version of Flyway and support has not been tested. The latest supported version of PostgreSQL is 16.
2025-01-24T08:34:30.232+05:30  INFO 26888 --- [           main] o.f.c.i.s.JdbcTableSchemaHistory         : Schema history table "public"."flyway_schema_history" does not exist yet
2025-01-24T08:34:30.233+05:30  INFO 26888 --- [           main] o.f.core.internal.command.DbValidate     : Successfully validated 2 migrations (execution time 00:00.006s)
2025-01-24T08:34:30.246+05:30  INFO 26888 --- [           main] o.f.c.i.s.JdbcTableSchemaHistory         : Creating Schema History table "public"."flyway_schema_history" ...
2025-01-24T08:34:30.278+05:30  INFO 26888 --- [           main] o.f.core.internal.command.DbMigrate      : Current version of schema "public": << Empty Schema >>
2025-01-24T08:34:30.283+05:30  INFO 26888 --- [           main] o.f.core.internal.command.DbMigrate      : Migrating schema "public" to version "1 - Initial Setup"
2025-01-24T08:34:30.304+05:30  INFO 26888 --- [           main] o.f.core.internal.command.DbMigrate      : Migrating schema "public" to version "2 - Second SQL Manupilation"
2025-01-24T08:34:30.322+05:30  INFO 26888 --- [           main] o.f.core.internal.command.DbMigrate      : Successfully applied 2 migrations to schema "public", now at version v2 (execution time 00:00.013s)
2025-01-24T08:34:30.349+05:30  INFO 26888 --- [           main] o.hibernate.jpa.internal.util.LogHelper  : HHH000204: Processing PersistenceUnitInfo [name: default]
2025-01-24T08:34:30.352+05:30  INFO 26888 --- [           main] o.h.c.internal.RegionFactoryInitiator    : HHH000026: Second-level cache disabled
2025-01-24T08:34:30.361+05:30  INFO 26888 --- [           main] o.s.o.j.p.SpringPersistenceUnitInfo      : No LoadTimeWeaver setup: ignoring JPA class transformer
2025-01-24T08:34:30.362+05:30  INFO 26888 --- [           main] com.zaxxer.hikari.HikariDataSource       : HikariPool-16 - Starting...
2025-01-24T08:34:30.376+05:30  INFO 26888 --- [           main] com.zaxxer.hikari.pool.HikariPool        : HikariPool-16 - Added connection org.postgresql.jdbc.PgConnection@7ab63914
2025-01-24T08:34:30.376+05:30  INFO 26888 --- [           main] com.zaxxer.hikari.HikariDataSource       : HikariPool-16 - Start completed.
2025-01-24T08:34:30.379+05:30  WARN 26888 --- [           main] org.hibernate.orm.deprecation            : HHH90000025: PostgreSQLDialect does not need to be specified explicitly using 'hibernate.dialect' (remove the property setting and it will be selected by default)
2025-01-24T08:34:30.410+05:30  INFO 26888 --- [           main] o.h.e.t.j.p.i.JtaPlatformInitiator       : HHH000489: No JTA platform available (set 'hibernate.transaction.jta.platform' to enable JTA platform integration)
2025-01-24T08:34:30.410+05:30  INFO 26888 --- [           main] j.LocalContainerEntityManagerFactoryBean : Initialized JPA EntityManagerFactory for persistence unit 'default'
2025-01-24T08:34:31.279+05:30  INFO 26888 --- [           main] c.c.s.SpringTestApplicationTests         : Started SpringTestApplicationTests in 3.787 seconds (process running for 18.302)
]]></system-out>
  </testcase>
</testsuite>