<?xml version="1.0" encoding="UTF-8"?>
<testsuite xmlns:xsi="http://www.w3.org/2001/XMLSchema-instance" xsi:noNamespaceSchemaLocation="https://maven.apache.org/surefire/maven-surefire-plugin/xsd/surefire-test-report-3.0.xsd" version="3.0" name="com.chandana.customer.CustomerJDBCDataAccessServiceTest" time="7.188" tests="14" errors="0" skipped="0" failures="0">
  <properties>
[...]
</properties>
  <testcase name="testDeleteCustomerById" classname="com.chandana.customer.CustomerJDBCDataAccessServiceTest" time="0.381">
    <system-out><![CDATA[04:39:09.960 [main] INFO org.testcontainers.utility.ImageNameSubstitutor -- Image name substitution will be performed by: DefaultImageNameSubstitutor (composite of 'ConfigurationFileImageNameSubstitutor' and 'PrefixingImageNameSubstitutor')
04:39:10.038 [main] INFO org.testcontainers.dockerclient.DockerClientProviderStrategy -- Loaded org.testcontainers.dockerclient.NpipeSocketClientProviderStrategy from ~/.testcontainers.properties, will try it first
04:39:10.595 [main] INFO org.testcontainers.dockerclient.DockerClientProviderStrategy -- Found Docker environment with local Npipe socket (npipe:////./pipe/docker_engine)
04:39:10.596 [main] INFO org.testcontainers.DockerClientFactory -- Docker host IP address is localhost
04:39:10.627 [main] INFO org.testcontainers.DockerClientFactory -- Connected to docker: 
  Server Version: 27.4.0
  API Version: 1.47
  Operating System: Docker Desktop
  Total Memory: 7855 MB
04:39:10.676 [main] INFO 🐳 [testcontainers/ryuk:0.3.4] -- Creating container for image: testcontainers/ryuk:0.3.4
04:39:11.187 [main] INFO 🐳 [testcontainers/ryuk:0.3.4] -- Container testcontainers/ryuk:0.3.4 is starting: 0f924a49f1f9c823f1e0f9a66415042ba531c079513d6e6f3826fb920a31ef29
04:39:12.264 [main] INFO 🐳 [testcontainers/ryuk:0.3.4] -- Container testcontainers/ryuk:0.3.4 started in PT1.6191554S
04:39:12.278 [main] INFO org.testcontainers.utility.RyukResourceReaper -- Ryuk started - will monitor and terminate Testcontainers containers on JVM exit
04:39:12.278 [main] INFO org.testcontainers.DockerClientFactory -- Checking the system...
04:39:12.280 [main] INFO org.testcontainers.DockerClientFactory -- ✔︎ Docker server version should be at least 1.6.0
04:39:12.281 [main] INFO 🐳 [postgres:latest] -- Creating container for image: postgres:latest
04:39:12.381 [main] INFO 🐳 [postgres:latest] -- Container postgres:latest is starting: 5c5e5840eff62272986137843858b29a4786124f065316ae00b03a2fb115c7ae
04:39:14.390 [main] INFO 🐳 [postgres:latest] -- Container postgres:latest started in PT2.1096655S
04:39:14.391 [main] INFO 🐳 [postgres:latest] -- Container is started (JDBC URL: jdbc:postgresql://localhost:59807/postgres-dao-unit-text?loggerLevel=OFF)
04:39:14.993 [main] INFO org.flywaydb.core.FlywayExecutor -- Database: jdbc:postgresql://localhost:59807/postgres-dao-unit-text (PostgreSQL 17.2)
04:39:15.016 [main] WARN org.flywaydb.core.internal.database.base.Database -- Flyway upgrade recommended: PostgreSQL 17.2 is newer than this version of Flyway and support has not been tested. The latest supported version of PostgreSQL is 16.
04:39:15.063 [main] INFO org.flywaydb.core.internal.schemahistory.JdbcTableSchemaHistory -- Schema history table "public"."flyway_schema_history" does not exist yet
04:39:15.070 [main] INFO org.flywaydb.core.internal.command.DbValidate -- Successfully validated 2 migrations (execution time 00:00.036s)
04:39:15.102 [main] INFO org.flywaydb.core.internal.schemahistory.JdbcTableSchemaHistory -- Creating Schema History table "public"."flyway_schema_history" ...
04:39:15.210 [main] INFO org.flywaydb.core.internal.command.DbMigrate -- Current version of schema "public": << Empty Schema >>
04:39:15.230 [main] INFO org.flywaydb.core.internal.command.DbMigrate -- Migrating schema "public" to version "1 - Initial Setup"
04:39:15.283 [main] INFO org.flywaydb.core.internal.command.DbMigrate -- Migrating schema "public" to version "2 - Second SQL Manupilation"
04:39:15.307 [main] INFO org.flywaydb.core.internal.command.DbMigrate -- Successfully applied 2 migrations to schema "public", now at version v2 (execution time 00:00.022s)
04:39:15.559 [main] INFO com.zaxxer.hikari.HikariDataSource -- HikariPool-1 - Starting...
04:39:15.597 [main] INFO com.zaxxer.hikari.pool.HikariPool -- HikariPool-1 - Added connection org.postgresql.jdbc.PgConnection@7b79ff1c
04:39:15.601 [main] INFO com.zaxxer.hikari.HikariDataSource -- HikariPool-1 - Start completed.
jdbcTemplate.update : 1
deleteCustomerById result : 1
]]></system-out>
  </testcase>
  <testcase name="testUpdateCustomerName" classname="com.chandana.customer.CustomerJDBCDataAccessServiceTest" time="0.056">
    <system-out><![CDATA[04:39:15.712 [main] INFO com.zaxxer.hikari.HikariDataSource -- HikariPool-2 - Starting...
04:39:15.740 [main] INFO com.zaxxer.hikari.pool.HikariPool -- HikariPool-2 - Added connection org.postgresql.jdbc.PgConnection@288409f0
04:39:15.740 [main] INFO com.zaxxer.hikari.HikariDataSource -- HikariPool-2 - Start completed.
jdbcTemplate.update : 1
update customer name result = 1
]]></system-out>
  </testcase>
  <testcase name="testUpdateCustomerAllProperties" classname="com.chandana.customer.CustomerJDBCDataAccessServiceTest" time="0.05">
    <system-out><![CDATA[04:39:15.769 [main] INFO com.zaxxer.hikari.HikariDataSource -- HikariPool-3 - Starting...
04:39:15.800 [main] INFO com.zaxxer.hikari.pool.HikariPool -- HikariPool-3 - Added connection org.postgresql.jdbc.PgConnection@78b9155e
04:39:15.800 [main] INFO com.zaxxer.hikari.HikariDataSource -- HikariPool-3 - Start completed.
jdbcTemplate.update : 1
update customer name result = 1
update customer age result = 1
update customer email result = 1
]]></system-out>
  </testcase>
  <testcase name="testUpdateCustomerAge" classname="com.chandana.customer.CustomerJDBCDataAccessServiceTest" time="0.052">
    <system-out><![CDATA[04:39:15.820 [main] INFO com.zaxxer.hikari.HikariDataSource -- HikariPool-4 - Starting...
04:39:15.856 [main] INFO com.zaxxer.hikari.pool.HikariPool -- HikariPool-4 - Added connection org.postgresql.jdbc.PgConnection@3006bfb
04:39:15.856 [main] INFO com.zaxxer.hikari.HikariDataSource -- HikariPool-4 - Start completed.
jdbcTemplate.update : 1
update customer age result = 1
]]></system-out>
  </testcase>
  <testcase name="testExistsPersonWithEmailReturnsFalseWhenDoesNotExists" classname="com.chandana.customer.CustomerJDBCDataAccessServiceTest" time="0.086">
    <system-out><![CDATA[04:39:15.925 [main] INFO com.zaxxer.hikari.HikariDataSource -- HikariPool-5 - Starting...
04:39:15.948 [main] INFO com.zaxxer.hikari.pool.HikariPool -- HikariPool-5 - Added connection org.postgresql.jdbc.PgConnection@dde6f87
04:39:15.949 [main] INFO com.zaxxer.hikari.HikariDataSource -- HikariPool-5 - Start completed.
]]></system-out>
  </testcase>
  <testcase name="testNoUpdateCustomerWhenNotNothinUpdate" classname="com.chandana.customer.CustomerJDBCDataAccessServiceTest" time="0.042">
    <system-out><![CDATA[04:39:15.961 [main] INFO com.zaxxer.hikari.HikariDataSource -- HikariPool-6 - Starting...
04:39:15.991 [main] INFO com.zaxxer.hikari.pool.HikariPool -- HikariPool-6 - Added connection org.postgresql.jdbc.PgConnection@6d9428f3
04:39:15.991 [main] INFO com.zaxxer.hikari.HikariDataSource -- HikariPool-6 - Start completed.
jdbcTemplate.update : 1
]]></system-out>
  </testcase>
  <testcase name="testSelectCustomerById" classname="com.chandana.customer.CustomerJDBCDataAccessServiceTest" time="0.039">
    <system-out><![CDATA[04:39:16.004 [main] INFO com.zaxxer.hikari.HikariDataSource -- HikariPool-7 - Starting...
04:39:16.032 [main] INFO com.zaxxer.hikari.pool.HikariPool -- HikariPool-7 - Added connection org.postgresql.jdbc.PgConnection@51508029
04:39:16.032 [main] INFO com.zaxxer.hikari.HikariDataSource -- HikariPool-7 - Start completed.
jdbcTemplate.update : 1
]]></system-out>
  </testcase>
  <testcase name="testUpdateCustomerEmail" classname="com.chandana.customer.CustomerJDBCDataAccessServiceTest" time="0.057">
    <system-out><![CDATA[04:39:16.045 [main] INFO com.zaxxer.hikari.HikariDataSource -- HikariPool-8 - Starting...
04:39:16.085 [main] INFO com.zaxxer.hikari.pool.HikariPool -- HikariPool-8 - Added connection org.postgresql.jdbc.PgConnection@8cb7185
04:39:16.085 [main] INFO com.zaxxer.hikari.HikariDataSource -- HikariPool-8 - Start completed.
jdbcTemplate.update : 1
update customer email result = 1
]]></system-out>
  </testcase>
  <testcase name="willReturnWhenSelectCustomerById" classname="com.chandana.customer.CustomerJDBCDataAccessServiceTest" time="0.034">
    <system-out><![CDATA[04:39:16.102 [main] INFO com.zaxxer.hikari.HikariDataSource -- HikariPool-9 - Starting...
04:39:16.132 [main] INFO com.zaxxer.hikari.pool.HikariPool -- HikariPool-9 - Added connection org.postgresql.jdbc.PgConnection@25b4754a
04:39:16.132 [main] INFO com.zaxxer.hikari.HikariDataSource -- HikariPool-9 - Start completed.
]]></system-out>
  </testcase>
  <testcase name="testInsertCustomer" classname="com.chandana.customer.CustomerJDBCDataAccessServiceTest" time="0.051">
    <system-out><![CDATA[04:39:16.138 [main] INFO com.zaxxer.hikari.HikariDataSource -- HikariPool-10 - Starting...
04:39:16.175 [main] INFO com.zaxxer.hikari.pool.HikariPool -- HikariPool-10 - Added connection org.postgresql.jdbc.PgConnection@702b656a
04:39:16.175 [main] INFO com.zaxxer.hikari.HikariDataSource -- HikariPool-10 - Start completed.
jdbcTemplate.update : 1
]]></system-out>
  </testcase>
  <testcase name="testExistsPersonWithEmail" classname="com.chandana.customer.CustomerJDBCDataAccessServiceTest" time="0.048">
    <system-out><![CDATA[04:39:16.190 [main] INFO com.zaxxer.hikari.HikariDataSource -- HikariPool-11 - Starting...
04:39:16.227 [main] INFO com.zaxxer.hikari.pool.HikariPool -- HikariPool-11 - Added connection org.postgresql.jdbc.PgConnection@111fe921
04:39:16.227 [main] INFO com.zaxxer.hikari.HikariDataSource -- HikariPool-11 - Start completed.
jdbcTemplate.update : 1
]]></system-out>
  </testcase>
  <testcase name="testExistsPersonWithId" classname="com.chandana.customer.CustomerJDBCDataAccessServiceTest" time="0.04">
    <system-out><![CDATA[04:39:16.239 [main] INFO com.zaxxer.hikari.HikariDataSource -- HikariPool-12 - Starting...
04:39:16.268 [main] INFO com.zaxxer.hikari.pool.HikariPool -- HikariPool-12 - Added connection org.postgresql.jdbc.PgConnection@4ede035e
04:39:16.268 [main] INFO com.zaxxer.hikari.HikariDataSource -- HikariPool-12 - Start completed.
jdbcTemplate.update : 1
]]></system-out>
  </testcase>
  <testcase name="testExistsPersonWithIdReturnFalseWhenIdNotPresent" classname="com.chandana.customer.CustomerJDBCDataAccessServiceTest" time="0.053">
    <system-out><![CDATA[04:39:16.279 [main] INFO com.zaxxer.hikari.HikariDataSource -- HikariPool-13 - Starting...
04:39:16.326 [main] INFO com.zaxxer.hikari.pool.HikariPool -- HikariPool-13 - Added connection org.postgresql.jdbc.PgConnection@24f177f5
04:39:16.326 [main] INFO com.zaxxer.hikari.HikariDataSource -- HikariPool-13 - Start completed.
]]></system-out>
  </testcase>
  <testcase name="testSelectAllCustomers" classname="com.chandana.customer.CustomerJDBCDataAccessServiceTest" time="0.076">
    <system-out><![CDATA[04:39:16.334 [main] INFO com.zaxxer.hikari.HikariDataSource -- HikariPool-14 - Starting...
04:39:16.386 [main] INFO com.zaxxer.hikari.pool.HikariPool -- HikariPool-14 - Added connection org.postgresql.jdbc.PgConnection@6f4d2294
04:39:16.386 [main] INFO com.zaxxer.hikari.HikariDataSource -- HikariPool-14 - Start completed.
jdbcTemplate.update : 1
]]></system-out>
  </testcase>
</testsuite>