<?xml version="1.0" encoding="UTF-8"?>
<testsuite xmlns:xsi="http://www.w3.org/2001/XMLSchema-instance" xsi:noNamespaceSchemaLocation="https://maven.apache.org/surefire/maven-surefire-plugin/xsd/surefire-test-report-3.0.xsd" version="3.0" name="com.chandana.customer.CustomerRepositoryTest" time="7.841" tests="4" errors="0" skipped="0" failures="0">
  <properties>
[...]
</properties>
  <testcase name="testExistsCustomerByEmailFailsEmailNotPresent" classname="com.chandana.customer.CustomerRepositoryTest" time="0.145">
    <system-out><![CDATA[04:39:18.544 [main] INFO 🐳 [postgres:latest] -- Creating container for image: postgres:latest
04:39:18.632 [main] INFO 🐳 [postgres:latest] -- Container postgres:latest is starting: cfa4314dc839467fe6d50b693d8f0a68f2fcecff8f2e4f9e2e666c4b47a8c90e
04:39:20.303 [main] INFO 🐳 [postgres:latest] -- Container postgres:latest started in PT1.7585806S
04:39:20.303 [main] INFO 🐳 [postgres:latest] -- Container is started (JDBC URL: jdbc:postgresql://localhost:59987/postgres-dao-unit-text?loggerLevel=OFF)
04:39:20.454 [main] INFO org.springframework.test.context.support.AnnotationConfigContextLoaderUtils -- Could not detect default configuration classes for test class [com.chandana.customer.CustomerRepositoryTest]: CustomerRepositoryTest does not declare any static, non-private, non-final, nested classes annotated with @Configuration.
04:39:20.785 [main] INFO org.springframework.boot.test.context.SpringBootTestContextBootstrapper -- Found @SpringBootConfiguration com.chandana.Main for test class com.chandana.customer.CustomerRepositoryTest
04:39:20.937 [main] INFO org.flywaydb.core.FlywayExecutor -- Database: jdbc:postgresql://localhost:59987/postgres-dao-unit-text (PostgreSQL 17.2)
04:39:20.947 [main] WARN org.flywaydb.core.internal.database.base.Database -- Flyway upgrade recommended: PostgreSQL 17.2 is newer than this version of Flyway and support has not been tested. The latest supported version of PostgreSQL is 16.
04:39:20.956 [main] INFO org.flywaydb.core.internal.schemahistory.JdbcTableSchemaHistory -- Schema history table "public"."flyway_schema_history" does not exist yet
04:39:20.957 [main] INFO org.flywaydb.core.internal.command.DbValidate -- Successfully validated 2 migrations (execution time 00:00.007s)
04:39:20.974 [main] INFO org.flywaydb.core.internal.schemahistory.JdbcTableSchemaHistory -- Creating Schema History table "public"."flyway_schema_history" ...
04:39:21.035 [main] INFO org.flywaydb.core.internal.command.DbMigrate -- Current version of schema "public": << Empty Schema >>
04:39:21.047 [main] INFO org.flywaydb.core.internal.command.DbMigrate -- Migrating schema "public" to version "1 - Initial Setup"
04:39:21.085 [main] INFO org.flywaydb.core.internal.command.DbMigrate -- Migrating schema "public" to version "2 - Second SQL Manupilation"
04:39:21.106 [main] INFO org.flywaydb.core.internal.command.DbMigrate -- Successfully applied 2 migrations to schema "public", now at version v2 (execution time 00:00.023s)
04:39:21.239 [main] INFO org.springframework.boot.devtools.restart.RestartApplicationListener -- Restart disabled due to context in which it is running

  .   ____          _            __ _ _
 /\\ / ___'_ __ _ _(_)_ __  __ _ \ \ \ \
( ( )\___ | '_ | '_| | '_ \/ _` | \ \ \ \
 \\/  ___)| |_)| | | | | || (_| |  ) ) ) )
  '  |____| .__|_| |_|_| |_\__, | / / / /
 =========|_|==============|___/=/_/_/_/

 :: Spring Boot ::                (v3.3.7)

2025-01-25T04:39:21.850+05:30  INFO 31264 --- [           main] c.c.customer.CustomerRepositoryTest      : Starting CustomerRepositoryTest using Java 21.0.5 with PID 31264 (started by chand in C:\Users\chand\OneDrive\Desktop\Fullstack Developer\Backend)
2025-01-25T04:39:21.853+05:30  INFO 31264 --- [           main] c.c.customer.CustomerRepositoryTest      : No active profile set, falling back to 1 default profile: "default"
2025-01-25T04:39:22.278+05:30  INFO 31264 --- [           main] .s.d.r.c.RepositoryConfigurationDelegate : Multiple Spring Data modules found, entering strict repository configuration mode
2025-01-25T04:39:22.280+05:30  INFO 31264 --- [           main] .s.d.r.c.RepositoryConfigurationDelegate : Bootstrapping Spring Data JPA repositories in DEFAULT mode.
2025-01-25T04:39:22.530+05:30  INFO 31264 --- [           main] .s.d.r.c.RepositoryConfigurationDelegate : Finished Spring Data repository scanning in 240 ms. Found 1 JPA repository interface.
2025-01-25T04:39:22.987+05:30  INFO 31264 --- [           main] com.zaxxer.hikari.HikariDataSource       : HikariPool-15 - Starting...
2025-01-25T04:39:23.012+05:30  INFO 31264 --- [           main] com.zaxxer.hikari.pool.HikariPool        : HikariPool-15 - Added connection org.postgresql.jdbc.PgConnection@3d1ecf3b
2025-01-25T04:39:23.013+05:30  INFO 31264 --- [           main] com.zaxxer.hikari.HikariDataSource       : HikariPool-15 - Start completed.
2025-01-25T04:39:23.023+05:30  INFO 31264 --- [           main] org.flywaydb.core.FlywayExecutor         : Database: jdbc:postgresql://localhost:59987/postgres-dao-unit-text (PostgreSQL 17.2)
2025-01-25T04:39:23.034+05:30  WARN 31264 --- [           main] o.f.c.internal.database.base.Database    : Flyway upgrade recommended: PostgreSQL 17.2 is newer than this version of Flyway and support has not been tested. The latest supported version of PostgreSQL is 16.
2025-01-25T04:39:23.051+05:30  INFO 31264 --- [           main] o.f.core.internal.command.DbValidate     : Successfully validated 2 migrations (execution time 00:00.014s)
2025-01-25T04:39:23.089+05:30  INFO 31264 --- [           main] o.f.core.internal.command.DbMigrate      : Current version of schema "public": 2
2025-01-25T04:39:23.091+05:30  INFO 31264 --- [           main] o.f.core.internal.command.DbMigrate      : Schema "public" is up to date. No migration necessary.
2025-01-25T04:39:23.251+05:30  INFO 31264 --- [           main] o.hibernate.jpa.internal.util.LogHelper  : HHH000204: Processing PersistenceUnitInfo [name: default]
2025-01-25T04:39:23.328+05:30  INFO 31264 --- [           main] org.hibernate.Version                    : HHH000412: Hibernate ORM core version 6.5.3.Final
2025-01-25T04:39:23.407+05:30  INFO 31264 --- [           main] o.h.c.internal.RegionFactoryInitiator    : HHH000026: Second-level cache disabled
2025-01-25T04:39:23.602+05:30  INFO 31264 --- [           main] o.s.o.j.p.SpringPersistenceUnitInfo      : No LoadTimeWeaver setup: ignoring JPA class transformer
2025-01-25T04:39:23.665+05:30  WARN 31264 --- [           main] org.hibernate.orm.deprecation            : HHH90000025: PostgreSQLDialect does not need to be specified explicitly using 'hibernate.dialect' (remove the property setting and it will be selected by default)
2025-01-25T04:39:24.515+05:30  INFO 31264 --- [           main] o.h.e.t.j.p.i.JtaPlatformInitiator       : HHH000489: No JTA platform available (set 'hibernate.transaction.jta.platform' to enable JTA platform integration)
2025-01-25T04:39:24.519+05:30  INFO 31264 --- [           main] j.LocalContainerEntityManagerFactoryBean : Initialized JPA EntityManagerFactory for persistence unit 'default'
2025-01-25T04:39:24.904+05:30  INFO 31264 --- [           main] o.s.d.j.r.query.QueryEnhancerFactory     : Hibernate is in classpath; If applicable, HQL parser will be used.
2025-01-25T04:39:25.499+05:30  INFO 31264 --- [           main] c.c.customer.CustomerRepositoryTest      : Started CustomerRepositoryTest in 4.285 seconds (process running for 16.887)
Hibernate: 
    select
        nextval('customer_id_seq')
Hibernate: 
    insert 
    into
        customer
        (age, email, name, id) 
    values
        (?, ?, ?, ?)
Hibernate: 
    select
        c1_0.id,
        c1_0.age,
        c1_0.email,
        c1_0.name 
    from
        customer c1_0
89
Hibernate: 
    delete 
    from
        customer 
    where
        id=?
Hibernate: 
    select
        c1_0.id 
    from
        customer c1_0 
    where
        c1_0.email=? 
    fetch
        first ? rows only
]]></system-out>
  </testcase>
  <testcase name="testExistsCustomerById" classname="com.chandana.customer.CustomerRepositoryTest" time="0.021">
    <system-out><![CDATA[Hibernate: 
    select
        c1_0.id,
        c1_0.age,
        c1_0.email,
        c1_0.name 
    from
        customer c1_0
89
Hibernate: 
    select
        nextval('customer_id_seq')
Hibernate: 
    insert 
    into
        customer
        (age, email, name, id) 
    values
        (?, ?, ?, ?)
Hibernate: 
    delete 
    from
        customer 
    where
        id=?
Hibernate: 
    select
        c1_0.id,
        c1_0.age,
        c1_0.email,
        c1_0.name 
    from
        customer c1_0
Hibernate: 
    select
        c1_0.id 
    from
        customer c1_0 
    where
        c1_0.id=? 
    fetch
        first ? rows only
]]></system-out>
  </testcase>
  <testcase name="testExistsCustomerByIdFailsWhnIdNotPresent" classname="com.chandana.customer.CustomerRepositoryTest" time="0.013">
    <system-out><![CDATA[Hibernate: 
    select
        c1_0.id,
        c1_0.age,
        c1_0.email,
        c1_0.name 
    from
        customer c1_0
89
Hibernate: 
    delete 
    from
        customer 
    where
        id=?
Hibernate: 
    select
        c1_0.id 
    from
        customer c1_0 
    where
        c1_0.id=? 
    fetch
        first ? rows only
]]></system-out>
  </testcase>
  <testcase name="testExistsCustomerByEmail" classname="com.chandana.customer.CustomerRepositoryTest" time="0.019">
    <system-out><![CDATA[Hibernate: 
    select
        c1_0.id,
        c1_0.age,
        c1_0.email,
        c1_0.name 
    from
        customer c1_0
89
Hibernate: 
    select
        nextval('customer_id_seq')
Hibernate: 
    insert 
    into
        customer
        (age, email, name, id) 
    values
        (?, ?, ?, ?)
Hibernate: 
    delete 
    from
        customer 
    where
        id=?
Hibernate: 
    select
        c1_0.id 
    from
        customer c1_0 
    where
        c1_0.email=? 
    fetch
        first ? rows only
]]></system-out>
  </testcase>
</testsuite>